[2026-04-22T04:14:15.248Z] GET http://localhost:4321/ → 200 (222ms, 201493B)
[2026-04-22T04:14:15.479Z] GET http://localhost:4321/@vite/client → 200 (63ms, 294342B)
[2026-04-22T04:14:15.479Z] GET http://localhost:4321/@id/astro/runtime/client/dev-toolbar/entrypoint.js → 200 (59ms, 9712B)
[2026-04-22T04:14:15.479Z] GET http://localhost:4321/@id/astro:scripts/page.js → 200 (59ms, 967B)
[2026-04-22T04:14:15.479Z] GET http://localhost:4321/@fs/Users/chichurita/Dev/zocket/node_modules/.bun/@fontsource-variable+inter@5.2.8/node_modules/@fontsource-variable/inter/index.css → 200 (63ms, 4000B)
[2026-04-22T04:14:15.479Z] GET http://localhost:4321/@fs/Users/chichurita/Dev/zocket/node_modules/.bun/@fontsource+jetbrains-mono@5.2.8/node_modules/@fontsource/jetbrains-mono/index.css → 200 (65ms, 4758B)
[2026-04-22T04:14:15.479Z] GET http://localhost:4321/src/landing/global.css → 200 (68ms, 56128B)
[2026-04-22T04:14:15.479Z] GET http://localhost:4321/src/landing/sections/model.astro?astro&type=style&index=0&lang.css → 200 (62ms, 881B)
[2026-04-22T04:14:15.480Z] GET http://localhost:4321/src/landing/sections/comparisons.astro?astro&type=style&index=0&lang.css → 200 (58ms, 1725B)
[2026-04-22T04:14:15.480Z] GET http://localhost:4321/src/landing/sections/coming-soon.astro?astro&type=style&index=0&lang.css → 200 (64ms, 726B)
[2026-04-22T04:14:15.480Z] GET http://localhost:4321/favicon.svg → 200 (15ms, 5724B)
[2026-04-22T04:14:15.480Z] GET http://localhost:4321/github-mark-white.svg → 200 (16ms, 960B)
[2026-04-22T04:14:15.480Z] GET http://localhost:4321/sock2.svg → 200 (16ms, 2948B)
[2026-04-22T04:14:15.480Z] GET http://localhost:4321/sock1.svg → 200 (17ms, 2919B)
[2026-04-22T04:14:15.480Z] GET http://localhost:4321/src/landing/sections/comparisons.astro?astro&type=script&index=0&lang.ts → 200 (62ms, 25650B)
[2026-04-22T04:14:15.480Z] GET http://localhost:4321/src/landing/sections/cta.astro?astro&type=script&index=0&lang.ts → 200 (64ms, 4472B)
[2026-04-22T04:14:15.480Z] GET http://localhost:4321/src/landing/layout.astro?astro&type=script&index=0&lang.ts → 200 (64ms, 3004B)
[2026-04-22T04:14:15.537Z] GET http://localhost:4321/@fs/Users/chichurita/Dev/zocket/node_modules/.bun/@fontsource-variable+inter@5.2.8/node_modules/@fontsource-variable/inter/files/inter-latin-wght-normal.woff2 → 200 (26ms, 48256B)
[2026-04-22T04:14:15.537Z] GET http://localhost:4321/@fs/Users/chichurita/Dev/zocket/node_modules/.bun/@fontsource+jetbrains-mono@5.2.8/node_modules/@fontsource/jetbrains-mono/files/jetbrains-mono-latin-400-normal.woff2 → 200 (25ms, 21168B)
[2026-04-22T04:14:15.564Z] GET http://localhost:4321/node_modules/.vite/deps/chunk-DUOGTLSW.js?v=6b2cebc5 → 200 (42ms, 2776B)
[2026-04-22T04:14:15.564Z] GET http://localhost:4321/node_modules/.vite/deps/chunk-XZBSPLXR.js?v=6b2cebc5 → 200 (43ms, 4783B)
[2026-04-22T04:14:15.564Z] GET http://localhost:4321/node_modules/.vite/deps/chunk-5WRI5ZAA.js?v=6b2cebc5 → 200 (44ms, 7184B)
[2026-04-22T04:14:15.564Z] GET http://localhost:4321/@id/__x00__astro:toolbar:internal → 200 (44ms, 8955B)
[2026-04-22T04:14:15.564Z] GET http://localhost:4321/@fs/Users/chichurita/Dev/zocket/node_modules/.bun/astro@6.0.5+e879d76327ecd0aa/node_modules/astro/dist/virtual-modules/prefetch.js?v=6b2cebc5 → 200 (44ms, 877B)
[2026-04-22T04:14:15.564Z] GET http://localhost:4321/@fs/Users/chichurita/Dev/zocket/node_modules/.bun/vite@7.3.1+1c0bc463bf01fd56/node_modules/vite/dist/client/env.mjs → 200 (45ms, 3478B)
[2026-04-22T04:14:15.613Z] GET http://localhost:4321/@fs/Users/chichurita/Dev/zocket/node_modules/.bun/astro@6.0.5+e879d76327ecd0aa/node_modules/astro/dist/prefetch/index.js?v=6b2cebc5 → 200 (4ms, 35366B)
[2026-04-22T04:14:15.649Z] GET http://localhost:4321/@id/__x00__virtual:astro:adapter-config/client → 200 (62ms, 326B)
[2026-04-22T04:14:15.717Z] GET http://localhost:4321/node_modules/.vite/deps/astro-3GAKNMT3.js?v=6b2cebc5 → 200 (4ms, 20589B)
[2026-04-22T04:14:15.717Z] GET http://localhost:4321/node_modules/.vite/deps/audit-7EB7HWLS.js?v=6b2cebc5 → 200 (5ms, 52232B)
[2026-04-22T04:14:15.718Z] GET http://localhost:4321/node_modules/.vite/deps/xray-VX7AL5ZN.js?v=6b2cebc5 → 200 (5ms, 5685B)
[2026-04-22T04:14:15.718Z] GET http://localhost:4321/node_modules/.vite/deps/settings-M7SYUACR.js?v=6b2cebc5 → 200 (5ms, 6355B)
[2026-04-22T04:14:15.718Z] GET http://localhost:4321/node_modules/.vite/deps/toolbar-3D7U3OK4.js?v=6b2cebc5 → 200 (6ms, 15752B)
[2026-04-22T04:14:15.718Z] GET http://localhost:4321/node_modules/.vite/deps/ui-library-4XYOXSQZ.js?v=6b2cebc5 → 200 (7ms, 29191B)
[2026-04-22T04:14:15.721Z] GET http://localhost:4321/node_modules/.vite/deps/chunk-6I2NUJEC.js?v=6b2cebc5 → 200 (3ms, 1679B)
[2026-04-22T04:14:15.721Z] GET http://localhost:4321/node_modules/.vite/deps/chunk-ZTDJ6GOI.js?v=6b2cebc5 → 200 (4ms, 48680B)
[2026-04-22T04:14:15.722Z] GET http://localhost:4321/node_modules/.vite/deps/chunk-K5YZHQSH.js?v=6b2cebc5 → 200 (3ms, 2419B)
[2026-04-22T04:14:15.722Z] GET http://localhost:4321/node_modules/.vite/deps/chunk-XF6AHNMA.js?v=6b2cebc5 → 200 (4ms, 216749B)
[2026-04-22T04:14:15.722Z] GET http://localhost:4321/node_modules/.vite/deps/chunk-O4Z644HW.js?v=6b2cebc5 → 200 (3ms, 682B)
[2026-04-22T04:14:15.722Z] GET http://localhost:4321/node_modules/.vite/deps/chunk-6K75JWSR.js?v=6b2cebc5 → 200 (4ms, 123527B)
[2026-04-22T04:14:15.773Z] GET http://localhost:4321/favicon.svg → 200 (2ms, 5724B)
[2026-04-22T04:14:15.775Z] GET http://localhost:4321/github-mark-white.svg → 200 (2ms, 960B)
[2026-04-22T04:14:15.778Z] GET http://localhost:4321/sock2.svg → 200 (?ms, 2948B)
[2026-04-22T04:14:15.779Z] GET http://localhost:4321/sock1.svg → 200 (?ms, 2919B)
[2026-04-22T04:14:15.779Z] GET http://localhost:4321/favicon.svg → 200 (1ms, 5724B)
